c:\users\a\documents\visual studio 2013\projects\defiancetrainer2\release\vc120.pdb
c:\users\a\documents\visual studio 2013\projects\defiancetrainer2\release\process.obj
c:\users\a\documents\visual studio 2013\projects\defiancetrainer2\release\defitrain2.obj
c:\users\a\documents\visual studio 2013\projects\defiancetrainer2\release\amf_win.obj
c:\users\a\documents\visual studio 2013\projects\defiancetrainer2\release\defiancetrainer2.exe
c:\users\a\documents\visual studio 2013\projects\defiancetrainer2\release\defiancetrainer2.pdb
c:\users\a\documents\visual studio 2013\projects\defiancetrainer2\release\defiancetrainer2.res
c:\users\andrew\documents\visual studio 2015\projects\defiancetrainer2\release\amf_win.obj
c:\users\andrew\documents\visual studio 2015\projects\defiancetrainer2\release\defitrain2.obj
c:\users\andrew\documents\visual studio 2015\projects\defiancetrainer2\release\process.obj
c:\users\andrew\documents\visual studio 2015\projects\defiancetrainer2\release\defiancetrainer2.res
c:\users\andrew\documents\visual studio 2015\projects\defiancetrainer2\release\defiancetrainer2.pdb
c:\users\andrew\documents\visual studio 2015\projects\defiancetrainer2\release\vc120.pdb
c:\users\andrew\documents\visual studio 2015\projects\defiancetrainer2\release\defiancetrainer2.exe
c:\users\andrew\documents\visual studio 2015\projects\defiancetrainer2\release\defiancetrainer2.tlog\cl.command.1.tlog
c:\users\andrew\documents\visual studio 2015\projects\defiancetrainer2\release\defiancetrainer2.tlog\cl.read.1.tlog
c:\users\andrew\documents\visual studio 2015\projects\defiancetrainer2\release\defiancetrainer2.tlog\cl.write.1.tlog
c:\users\andrew\documents\visual studio 2015\projects\defiancetrainer2\release\defiancetrainer2.tlog\link.command.1.tlog
c:\users\andrew\documents\visual studio 2015\projects\defiancetrainer2\release\defiancetrainer2.tlog\link.read.1.tlog
c:\users\andrew\documents\visual studio 2015\projects\defiancetrainer2\release\defiancetrainer2.tlog\link.write.1.tlog
c:\users\andrew\documents\visual studio 2015\projects\defiancetrainer2\release\defiancetrainer2.tlog\rc.command.1.tlog
c:\users\andrew\documents\visual studio 2015\projects\defiancetrainer2\release\defiancetrainer2.tlog\rc.read.1.tlog
c:\users\andrew\documents\visual studio 2015\projects\defiancetrainer2\release\defiancetrainer2.tlog\rc.write.1.tlog
